[2025-05-06 00:32:59] This is codeql execute queries -J-Xmx1800M --off-heap-ram=1556 --verbosity=progress --logdir=/Users/vishruthvs/Projects/aem-guides-wknd/codeql-local/db/log --evaluator-log-level=5 --warnings=show --dynamic-join-order-mode=none --qlconfig-file=/Users/vishruthvs/Projects/aem-guides-wknd/qlconfig.yml --no-rerun --interpret-passthrough=null,--format=sarif-latest,-o=/Users/vishruthvs/Projects/aem-guides-wknd/codeql-local/results/codeql-results.sarif,--max-paths=4,--csv-location-format=line-column,--print-diagnostics-summary,--print-metrics-summary,--qlconfig-file=/Users/vishruthvs/Projects/aem-guides-wknd/qlconfig.yml,--,/Users/vishruthvs/Projects/aem-guides-wknd/codeql-local/db,javascript-security-and-quality --output=/Users/vishruthvs/Projects/aem-guides-wknd/codeql-local/db/results -- /Users/vishruthvs/Projects/aem-guides-wknd/codeql-local/db/db-javascript javascript-security-and-quality
[2025-05-06 00:32:59] Calling plumbing command: codeql resolve queries --qlconfig-file=/Users/vishruthvs/Projects/aem-guides-wknd/qlconfig.yml --format=json -- javascript-security-and-quality
[2025-05-06 00:33:01] [DETAILS] resolve queries> Looking for a well-known suite "javascript-security-and-quality".
[2025-05-06 00:33:01] Exception caught at top level: Query pack javascript-security-and-quality cannot be found. Check the spelling of the pack.
                      com.semmle.cli2.resolve.ResolveQueriesCommand.resolveQuerySpecifier(ResolveQueriesCommand.java:298)
                      com.semmle.cli2.resolve.ResolveQueriesCommand.executeJSON(ResolveQueriesCommand.java:211)
                      com.semmle.cli2.resolve.ResolveQueriesCommand.executeJSON(ResolveQueriesCommand.java:68)
                      com.semmle.cli2.picocli.SimpleJsonSubcommand.executeInsistingOnJSONWithExistingMessages(SimpleJsonSubcommand.java:121)
                      com.semmle.cli2.picocli.SubcommandCommon.withCompilationMessages(SubcommandCommon.java:444)
                      com.semmle.cli2.picocli.SimpleJsonSubcommand.executeInsistingOnJSON(SimpleJsonSubcommand.java:110)
                      com.semmle.cli2.picocli.PlumbingRunner.call(PlumbingRunner.java:61)
                      com.semmle.cli2.picocli.SubcommandCommon.callPlumbingInProcess(SubcommandCommon.java:170)
                      com.semmle.cli2.execute.ExecuteQueriesCommand.executeSubcommand(ExecuteQueriesCommand.java:424)
                      com.semmle.cli2.picocli.SubcommandCommon.lambda$executeSubcommandWithMessages$5(SubcommandCommon.java:892)
                      com.semmle.cli2.picocli.SubcommandCommon.withCompilationMessages(SubcommandCommon.java:444)
                      com.semmle.cli2.picocli.SubcommandCommon.executeSubcommandWithMessages(SubcommandCommon.java:890)
                      com.semmle.cli2.picocli.SubcommandCommon.toplevelMain(SubcommandCommon.java:777)
                      com.semmle.cli2.picocli.SubcommandCommon.call(SubcommandCommon.java:757)
                      com.semmle.cli2.picocli.SubcommandMaker.runMain(SubcommandMaker.java:238)
                      com.semmle.cli2.picocli.SubcommandMaker.runMain(SubcommandMaker.java:259)
                      com.semmle.cli2.CodeQL.main(CodeQL.java:115)
